закария	
шаул	saul
завулона	
каин	cain
езекия	
патробу	patrobas
друзилла	
исаия	
газу	gaza
ад	
онисиму	
пануила	
миры	
феникс	phoenix
ибрахим	
failed to convert "эраст": translation failed
беора	
сим	
исаия	
дионисий	
иродиону	
жрец	midian
сирофиникиянкой	
еноне	
крисп	
тихика	
вениамина	
вечный	jehovah
тиверия	
галилее	galilee
бедствие	
гог	gog
исраил	
ахаии	
failed to convert "эпафрас": translation failed
искандер	
мелхий	melchi
иродом	
ильяс	elias
прибыть	appius
зимы	
иаир	
салима	
сшила	saul
сарра	
тиметея	timothy
трифене	
кане	
фома	
тимая	timaeus
лисия	
фарец	perez
каппадокии	
беора	
луций	lucius
фессалоник	
шеалтиил	saul
рим	
рахав	rahab
клементом	
сусанна	
фест	festus
нирею	nereus
хиосу	
зоровавель	elijah
завулона	
давуде	david
валака	
сатана	
ликаонии	
фригию	jeremiah
клеопа	cleopas
иудей	
реховоам	
прискилла	
секунд	
авии	
приплыл	gerasenes
лаодикии	
ангел	
книд	
failed to convert "эслий": translation failed
голгофа	
иудее	judaea
тоне	
маттафия	
азоте	
иуды	judah
содома	
конии	
иосия	
листру	
failed to convert "эфес": translation failed
шаул	saul
стефан	
александрии	
иудеи	
аретой	
амос	
салмоны	
арфаксад	
диотреф	
кипр	
вавилон	
failed to convert "элишева": translation failed
юлии	apollonia
артемиды	
ашира	saul
иса	
юсуф	apollonia
давнего	
евер	
анания	
иуда	
гая	gaius
сирийца	naaman
клавдия	claudius
афины	
рахиля	
еноне	
микаил	
гефсимания	
трофим	
шарона	saul
мастеру	
вода	
апфии	
парфяне	parthia
малик-цедек	melchisedec
олимпу	
епенету	
енос	enosh
фараон	
мидяне	medes
шимон	saul
аюба	apollonia
аримафеи	
есея	
failed to convert "лёг": translation failed
азия	
зераха	
якуб	
финикию	phoenicia
якуба	
масих	meshiha
измир	
антипа	
лука	
ефраим	
failed to convert "элиезер": translation failed
титий	
иерусалим	jerusalem
герму	hermas
саломия	
иса	
нахшон	nahshon
стахию	stachys
иераполе	
велиаром	
аддий	
ригий	rhegium
искариот	
габта	gabbatha
якуба	
шехеме	saul
ирод	
малелеил	
вифлеем	
идя	
матфия	matthias
аса	
ажар	midian
публия	
лаодикию	philadelphia
называл	
верховного	
иаред	methuselah
паул	
failed to convert "эли": translation failed
гада	
патмос	
согласию	syntyche
леви	
failed to convert "эммаус": translation failed
урбану	
пуд	
масих	meshiha
птолемаиду	
берехии	berekiah
буре	
баалом	
наин	
заходить	adramyttium
гедеоне	
помню	stephanas
марфа	
завдая	
через	jehovah
пруд	bethesda
кифа	
береи	
оков	
вараке	
поллукса	
тит	
ахаик	achaicus
пармена	
харране	
иеремию	jeremiah
фаддей	
тиметея	timothy
ильяс	elias
ламех	lamech
терах	
нух	
ареопаг	
манассы	
пруду	bethesda
меннай	
давуде	david
масих	meshiha
приплыл	gerasenes
молоха	
тишина	hush
юлии	apollonia
авеля	
марьям	mariam
иорам	
иуст	
сарды	
еврей	
иорама	
иосия	
филипп	philipos
царицы	candace
яхия	
понтий	
марк	mark
баал-зевула	beelzebul
агав	
лут	lot
failed to convert "эфесе": translation failed
енох	enoch
герму	hermas
велика	
мааф	
петир	
магадана	magadan
клеопы	clopas
дербию	derbe
кастора	
уззия	
вифсаида	
сирофиникиянкой	
failed to convert "эней": translation failed
урии	
феста	
иса	
нигер	
клавдий	cesar
сим	
гамалиил	
порций	porcius
берее	berea
failed to convert "элиуд": translation failed
упорно	
боаз	
ибрахима	
сусанна	
исаия	
кесарию	caesarea
яхия	
феофил	
иосии	
апеллесу	
двором	
асс	
империи	
мелеай	
сион	
тиметея	timothy
юсуф	apollonia
избегай	
вифинии	
сатана	
онисифора	onesiphorus
фарец	perez
иудеи	
сиф	seth
далматию	dalmatia
алфея	
македонии	
лидия	
сил	
магдалы	magdalene
енос	enosh
пануила	
ума	
предали	
македонии	
пилат	
зине	
авилинеи	
умер	
шехеме	saul
иродом	
аминадав	
вверх	
рода	
галатии	
киша	kish
галлион	
иерихон	jericho
виффагии	bethphage
муса	
иешуа	joshua
матфан	matthias
осию	hosea
гермогена	hermes
лин	claudia
восставшим	caleb
италии	
митилину	
аполлонию	apollonia
сулейман	
рисай	
египта	
ахаии	
близнец	
варфоломей	
аравии	
шелах	saul
сим	
толпу	barabbas
ахаз	ahaz
толпой	barabbas
яхию	caesarea
закария	
нахор	
архелай	
карпа	
тиру	
идумеи	
малик	malchus
милете	
failed to convert "эпафродита": translation failed
филипп	philipos
ахим	
муса	
еммора	
юнии	apollonia
тимона	
август	
аса	
самарии	
ад	
капернаум	
юлий	apollonia
понта	
закона	
шемуила	saul
еламиты	
иоиля	
сион	
марфа	
сшила	saul
нафанаил	
failed to convert "эводию": translation failed
мальта	mariam
филит	
рама	
крейск	
акила	
месопотамии	
паф	
анталью	adramyttium stephanas
хоразин	
иордан	
есав	
доплыть	appius
наум	
ханан	
тимона	
обоих	
трифосе	
февда	
веру	
самарии	
матфан	matthias
сосфена	
теми	
иорам	
елисея	
совет	
дома	
крите	
неффалима	
иппаттах	
писидию	hosea
петир	
коринф	
андер	
шеалтиил	saul
аристарх	
пергам	
масих	meshiha
иудей	
наркисса	
марфа	
сиракузы	
девственница	
валаама	
юга	apollonia
ясон	
двумя	
амплиату	
кос	
памфилии	
сосипатр	
ильяс	elias
кирены	
кедрон	
пафа	
тертулл	
обоих	
озера	
иуда	
реу	
вечный	jehovah
кифа	
неаполь	elias
артему	
киликии	
египта	
цадок	
варнава	
антипатриду	
кос	
персиде	
исраил	
кенхреях	
скевы	
асинкриту	
иллирика	
сирии	
ей	
назарет	
прохора	
failed to convert "эвника": translation failed
аполлион	
иехонии	
иуды	judah
никополь	damaris
азор	
хузы	
реу	
плачем	jehovah
закона	
карпа	
никодим	
матфат	matthias

stack usage:  64

